[2023-02-21T10:30:43.493] [INFO] info - log output
[2023-02-21T10:30:49.893] [INFO] info - log output
[2023-02-21T10:37:20.491] [INFO] info - log output
[2023-02-21T10:39:21.799] [INFO] info - log output
[2023-02-21T10:39:27.283] [INFO] info - log output
[2023-02-21T10:56:44.836] [INFO] info - log output
[2023-02-21T15:59:47.672] [INFO] info - log output
[2023-02-22T11:32:57.417] [INFO] info - ***数据库连接成功***
[2023-02-22T11:33:02.387] [INFO] info - log output
[2023-02-22T11:33:07.117] [INFO] info - log output
[2023-02-22T11:33:08.682] [INFO] info - log output
[2023-02-22T11:33:09.737] [INFO] info - log output
[2023-02-22T11:46:52.178] [INFO] info - log output
[2023-02-22T11:49:37.576] [INFO] info - ***数据库连接成功***
[2023-02-22T11:56:45.377] [INFO] info - ***数据库连接成功***
[2023-02-22T12:00:16.656] [INFO] info - log output
[2023-02-22T12:00:28.489] [INFO] info - log output
[2023-02-22T12:03:04.977] [INFO] info - ***数据库连接成功***
[2023-02-22T12:03:07.859] [INFO] info - ***数据库连接成功***
[2023-02-22T12:18:50.499] [INFO] info - log output
[2023-02-22T12:23:00.991] [INFO] info - log output
[2023-02-22T12:23:33.807] [INFO] info - log output
[2023-02-22T12:24:03.349] [INFO] info - log output
[2023-02-22T12:26:48.512] [INFO] info - ***数据库连接成功***
[2023-02-22T12:26:49.231] [INFO] info - log output
[2023-02-22T12:26:51.023] [INFO] info - log output
[2023-02-22T12:26:52.658] [INFO] info - log output
[2023-02-22T12:27:44.054] [INFO] info - ***数据库连接成功***
[2023-02-22T12:28:11.078] [INFO] info - ***数据库连接成功***
[2023-02-22T12:30:15.708] [INFO] info - ***数据库连接成功***
[2023-02-22T12:30:17.861] [INFO] info - log output
[2023-02-22T12:31:48.873] [INFO] info - log output
[2023-02-22T12:33:53.699] [INFO] info - log output
[2023-02-22T12:34:03.004] [INFO] info - log output
[2023-02-22T12:36:02.636] [INFO] info - ***数据库连接成功***
[2023-02-22T12:36:07.987] [INFO] info - ***数据库连接成功***
[2023-02-22T12:36:10.113] [INFO] info - log output
[2023-02-22T12:36:29.028] [INFO] info - log output
[2023-02-22T12:37:04.823] [INFO] info - ***数据库连接成功***
[2023-02-22T12:37:05.031] [INFO] info - log output
[2023-02-22T12:37:31.277] [INFO] info - ***数据库连接成功***
[2023-02-22T12:37:35.690] [INFO] info - log output
[2023-02-22T12:37:58.091] [INFO] info - ***数据库连接成功***
[2023-02-22T12:37:59.189] [INFO] info - log output
[2023-02-22T12:39:24.551] [INFO] info - ***数据库连接成功***
[2023-02-22T12:39:49.565] [INFO] info - ***数据库连接成功***
[2023-02-22T12:39:56.631] [INFO] info - ***数据库连接成功***
[2023-02-22T12:40:07.170] [INFO] info - log output
[2023-02-22T12:40:28.373] [INFO] info - ***数据库连接成功***
[2023-02-22T12:46:16.208] [INFO] info - ***数据库连接成功***
[2023-02-22T12:46:27.479] [INFO] info - ***数据库连接成功***
[2023-02-22T12:47:48.971] [INFO] info - ***数据库连接成功***
[2023-02-22T12:48:08.059] [INFO] info - params:{}
[2023-02-22T12:49:29.271] [INFO] info - ***数据库连接成功***
[2023-02-22T12:49:43.547] [INFO] info - params:{}
[2023-02-22T12:50:55.075] [INFO] info - ***数据库连接成功***
[2023-02-22T12:51:11.381] [INFO] info - ***数据库连接成功***
[2023-02-22T12:51:23.945] [INFO] info - get-params:{}
[2023-02-22T12:51:23.945] [INFO] info - post-params:{"userName":"admin","userPwd":"123456"}
[2023-02-22T14:48:53.332] [INFO] info - get-params:{}
[2023-02-22T14:48:53.333] [INFO] info - post-params:{"userName":"admin","userPwd":"123456"}
[2023-02-22T15:32:42.281] [INFO] info - get-params:{}
[2023-02-22T15:32:42.282] [INFO] info - post-params:{"userName":"admin","userPwd":"123456"}
[2023-02-22T17:35:33.464] [INFO] info - get-params:{}
[2023-02-22T17:35:33.466] [INFO] info - post-params:{"userName":"admin","userPwd":"123456"}
[2023-02-22T18:08:43.757] [INFO] info - get-params:{}
[2023-02-22T18:08:43.760] [INFO] info - post-params:{"userName":"admin","userPwd":"123456"}
[2023-02-23T09:24:44.317] [INFO] info - ***数据库连接成功***
[2023-02-23T09:25:13.735] [INFO] info - ***数据库连接成功***
[2023-02-23T09:25:16.253] [INFO] info - ***数据库连接成功***
[2023-02-23T09:25:17.525] [INFO] info - ***数据库连接成功***
[2023-02-23T09:30:36.016] [INFO] info - ***数据库连接成功***
[2023-02-23T09:31:36.669] [INFO] info - ***数据库连接成功***
[2023-02-23T09:33:29.857] [INFO] info - ***数据库连接成功***
[2023-02-23T09:33:37.095] [INFO] info - ***数据库连接成功***
[2023-02-23T09:33:39.115] [INFO] info - ***数据库连接成功***
[2023-02-23T09:33:43.184] [INFO] info - ***数据库连接成功***
[2023-02-23T09:34:18.530] [INFO] info - ***数据库连接成功***
[2023-02-23T09:35:36.447] [INFO] info - get-params:{}
[2023-02-23T09:35:36.448] [INFO] info - post-params:{"userName":"admin","userPwd":"123456"}
[2023-02-23T09:38:09.906] [INFO] info - ***数据库连接成功***
[2023-02-23T09:38:51.453] [INFO] info - ***数据库连接成功***
[2023-02-23T09:40:18.878] [INFO] info - get-params:{}
[2023-02-23T09:40:18.879] [INFO] info - post-params:{"userName":"admin","userPwd":"123456"}
[2023-02-23T09:41:28.334] [INFO] info - ***数据库连接成功***
[2023-02-23T09:41:32.203] [INFO] info - ***数据库连接成功***
[2023-02-23T09:42:23.847] [INFO] info - get-params:{}
[2023-02-23T09:42:23.848] [INFO] info - post-params:{"userName":"admin","userPwd":"123456"}
[2023-02-23T09:44:37.661] [INFO] info - ***数据库连接成功***
[2023-02-23T09:44:38.512] [INFO] info - ***数据库连接成功***
[2023-02-23T09:44:39.991] [INFO] info - ***数据库连接成功***
[2023-02-23T09:45:05.254] [INFO] info - ***数据库连接成功***
[2023-02-23T09:47:41.651] [INFO] info - ***数据库连接成功***
[2023-02-23T09:47:43.884] [INFO] info - ***数据库连接成功***
[2023-02-23T09:48:04.139] [INFO] info - ***数据库连接成功***
[2023-02-23T09:48:17.800] [INFO] info - ***数据库连接成功***
[2023-02-23T09:48:34.554] [INFO] info - get-params:{}
[2023-02-23T09:48:34.554] [INFO] info - post-params:{"userName":"admin","userPwd":"123456"}
[2023-02-23T10:42:07.801] [INFO] info - ***数据库连接成功***
[2023-02-23T10:43:01.681] [INFO] info - ***数据库连接成功***
[2023-02-23T10:44:09.047] [INFO] info - ***数据库连接成功***
[2023-02-23T10:45:11.042] [INFO] info - ***数据库连接成功***
[2023-02-23T10:45:15.581] [INFO] info - ***数据库连接成功***
[2023-02-23T10:48:29.471] [INFO] info - ***数据库连接成功***
[2023-02-23T10:49:56.821] [INFO] info - get-params:{}
[2023-02-23T10:49:56.822] [INFO] info - post-params:{}
[2023-02-23T10:49:56.836] [INFO] info - get-params:{}
[2023-02-23T10:49:56.837] [INFO] info - post-params:{}
[2023-02-23T10:50:03.135] [INFO] info - get-params:{}
[2023-02-23T10:50:03.135] [INFO] info - post-params:{}
[2023-02-23T10:50:03.143] [INFO] info - get-params:{}
[2023-02-23T10:50:03.143] [INFO] info - post-params:{}
[2023-02-23T10:51:30.779] [INFO] info - ***数据库连接成功***
[2023-02-23T10:51:39.814] [INFO] info - ***数据库连接成功***
[2023-02-23T10:51:45.136] [INFO] info - ***数据库连接成功***
[2023-02-23T10:51:50.934] [INFO] info - ***数据库连接成功***
[2023-02-23T10:51:57.333] [INFO] info - get-params:{}
[2023-02-23T10:51:57.334] [INFO] info - post-params:{}
[2023-02-23T10:51:57.352] [INFO] info - get-params:{}
[2023-02-23T10:51:57.352] [INFO] info - post-params:{}
[2023-02-23T10:56:08.640] [INFO] info - ***数据库连接成功***
[2023-02-23T10:57:25.535] [INFO] info - ***数据库连接成功***
[2023-02-23T10:57:30.098] [INFO] info - get-params:{}
[2023-02-23T10:57:30.098] [INFO] info - post-params:{}
[2023-02-23T10:57:30.117] [INFO] info - get-params:{}
[2023-02-23T10:57:30.118] [INFO] info - post-params:{}
[2023-02-23T10:57:37.830] [INFO] info - get-params:{}
[2023-02-23T10:57:37.830] [INFO] info - post-params:{}
[2023-02-23T10:57:37.842] [INFO] info - get-params:{}
[2023-02-23T10:57:37.842] [INFO] info - post-params:{}
[2023-02-23T11:05:57.356] [INFO] info - ***数据库连接成功***
[2023-02-23T11:06:54.013] [INFO] info - get-params:{}
[2023-02-23T11:06:54.013] [INFO] info - post-params:{}
[2023-02-23T11:06:54.026] [INFO] info - get-params:{}
[2023-02-23T11:06:54.026] [INFO] info - post-params:{}
[2023-02-23T11:27:07.713] [INFO] info - ***数据库连接成功***
[2023-02-23T11:27:08.400] [INFO] info - ***数据库连接成功***
[2023-02-23T11:27:16.369] [INFO] info - ***数据库连接成功***
[2023-02-23T11:27:25.205] [INFO] info - get-params:{}
[2023-02-23T11:27:25.206] [INFO] info - post-params:{}
[2023-02-23T11:27:25.218] [INFO] info - get-params:{}
[2023-02-23T11:27:25.219] [INFO] info - post-params:{}
[2023-02-23T11:27:34.850] [INFO] info - get-params:{}
[2023-02-23T11:27:34.850] [INFO] info - post-params:{}
[2023-02-23T11:27:34.853] [INFO] info - get-params:{}
[2023-02-23T11:27:34.853] [INFO] info - post-params:{}
[2023-02-23T11:37:57.292] [INFO] info - get-params:{}
[2023-02-23T11:37:57.293] [INFO] info - post-params:{}
[2023-02-23T11:37:57.304] [INFO] info - get-params:{}
[2023-02-23T11:37:57.305] [INFO] info - post-params:{}
[2023-02-23T11:41:35.078] [INFO] info - ***数据库连接成功***
[2023-02-23T11:50:43.170] [INFO] info - ***数据库连接成功***
[2023-02-23T12:00:46.677] [INFO] info - get-params:{}
[2023-02-23T12:00:46.677] [INFO] info - post-params:{}
[2023-02-23T12:00:46.689] [INFO] info - get-params:{}
[2023-02-23T12:00:46.689] [INFO] info - post-params:{}
[2023-02-23T12:01:54.133] [INFO] info - get-params:{}
[2023-02-23T12:01:54.134] [INFO] info - post-params:{"userName":"admin","userPwd":"123456"}
[2023-02-23T12:02:00.006] [INFO] info - get-params:{}
[2023-02-23T12:02:00.006] [INFO] info - post-params:{"userName":"admin","userPwd":"123456"}
[2023-02-23T12:03:25.572] [INFO] info - ***数据库连接成功***
[2023-02-23T12:04:07.477] [INFO] info - ***数据库连接成功***
[2023-02-23T12:04:16.125] [INFO] info - get-params:{}
[2023-02-23T12:04:16.126] [INFO] info - post-params:{"userName":"admin","userPwd":"123456"}
[2023-02-23T12:04:16.355] [INFO] info - get-params:{}
[2023-02-23T12:04:16.356] [INFO] info - post-params:{}
[2023-02-23T12:04:16.373] [INFO] info - get-params:{}
[2023-02-23T12:04:16.374] [INFO] info - post-params:{}
[2023-02-23T12:05:31.509] [INFO] info - ***数据库连接成功***
[2023-02-23T12:05:45.145] [INFO] info - get-params:{}
[2023-02-23T12:05:45.146] [INFO] info - post-params:{"userName":"admin","userPwd":"123456"}
[2023-02-23T12:05:45.241] [INFO] info - get-params:{}
[2023-02-23T12:05:45.242] [INFO] info - post-params:{}
[2023-02-23T12:05:45.251] [INFO] info - get-params:{}
[2023-02-23T12:05:45.251] [INFO] info - post-params:{}
[2023-02-23T12:06:25.160] [INFO] info - ***数据库连接成功***
[2023-02-23T12:06:35.210] [INFO] info - get-params:{}
[2023-02-23T12:06:35.211] [INFO] info - post-params:{}
[2023-02-23T12:06:35.229] [INFO] info - get-params:{}
[2023-02-23T12:06:35.229] [INFO] info - post-params:{}
[2023-02-23T12:06:47.025] [INFO] info - get-params:{}
[2023-02-23T12:06:47.026] [INFO] info - post-params:{"userName":"admin","userPwd":"123456"}
[2023-02-23T12:06:47.126] [INFO] info - get-params:{}
[2023-02-23T12:06:47.126] [INFO] info - post-params:{}
[2023-02-23T12:06:47.132] [INFO] info - get-params:{}
[2023-02-23T12:06:47.132] [INFO] info - post-params:{}
[2023-02-23T12:07:52.337] [INFO] info - ***数据库连接成功***
[2023-02-23T12:07:56.624] [INFO] info - ***数据库连接成功***
[2023-02-23T12:08:00.045] [INFO] info - ***数据库连接成功***
[2023-02-23T12:08:04.271] [INFO] info - ***数据库连接成功***
[2023-02-23T12:08:33.479] [INFO] info - ***数据库连接成功***
[2023-02-23T12:08:38.868] [INFO] info - get-params:{}
[2023-02-23T12:08:38.868] [INFO] info - post-params:{}
[2023-02-23T12:08:38.878] [INFO] info - get-params:{}
[2023-02-23T12:08:38.878] [INFO] info - post-params:{}
[2023-02-23T12:08:50.954] [INFO] info - ***数据库连接成功***
[2023-02-23T12:08:52.959] [INFO] info - get-params:{}
[2023-02-23T12:08:52.959] [INFO] info - post-params:{}
[2023-02-23T12:08:52.974] [INFO] info - get-params:{}
[2023-02-23T12:08:52.974] [INFO] info - post-params:{}
[2023-02-23T12:08:58.256] [INFO] info - get-params:{}
[2023-02-23T12:08:58.256] [INFO] info - post-params:{"userName":"admin","userPwd":"123456"}
[2023-02-23T12:08:58.328] [INFO] info - get-params:{}
[2023-02-23T12:08:58.328] [INFO] info - post-params:{}
[2023-02-23T12:08:58.335] [INFO] info - get-params:{}
[2023-02-23T12:08:58.335] [INFO] info - post-params:{}
[2023-02-23T12:10:03.287] [INFO] info - ***数据库连接成功***
[2023-02-23T12:10:31.408] [INFO] info - ***数据库连接成功***
[2023-02-23T12:10:40.271] [INFO] info - get-params:{}
[2023-02-23T12:10:40.271] [INFO] info - post-params:{"userName":"admin","userPwd":"123456"}
[2023-02-23T12:10:40.375] [INFO] info - get-params:{}
[2023-02-23T12:10:40.376] [INFO] info - post-params:{}
[2023-02-23T12:10:40.383] [INFO] info - get-params:{}
[2023-02-23T12:10:40.383] [INFO] info - post-params:{}
[2023-02-23T12:11:07.001] [INFO] info - ***数据库连接成功***
[2023-02-23T12:11:25.489] [INFO] info - ***数据库连接成功***
[2023-02-23T12:11:37.221] [INFO] info - get-params:{}
[2023-02-23T12:11:37.222] [INFO] info - post-params:{"userName":"admin","userPwd":"123456"}
[2023-02-23T12:11:37.350] [INFO] info - get-params:{}
[2023-02-23T12:11:37.351] [INFO] info - post-params:{}
[2023-02-23T12:11:37.362] [INFO] info - get-params:{}
[2023-02-23T12:11:37.362] [INFO] info - post-params:{}
[2023-02-23T12:13:21.754] [INFO] info - ***数据库连接成功***
[2023-02-23T12:13:23.959] [INFO] info - ***数据库连接成功***
